<?xml version="1.0" encoding="UTF-8" ?>
<testsuites name="vitest tests" tests="38" failures="0" errors="0" time="3.41">
    <testsuite name="src/pages/AuthLandingPage.test.tsx" timestamp="2026-06-09T18:01:47.659Z" hostname="runnervm3jyl0" tests="2" failures="0" errors="0" skipped="0" time="0.092798942">
        <testcase classname="src/pages/AuthLandingPage.test.tsx" name="AuthLandingPage &gt; renders login and sign up options for unauthenticated users" time="0.085925002">
            <system-err>
⚠️ React Router Future Flag Warning: React Router will begin wrapping state updates in `React.startTransition` in v7. You can use the `v7_startTransition` future flag to opt-in early. For more information, see https://reactrouter.com/v6/upgrading/future#v7_starttransition.
⚠️ React Router Future Flag Warning: Relative route resolution within Splat routes is changing in v7. You can use the `v7_relativeSplatPath` future flag to opt-in early. For more information, see https://reactrouter.com/v6/upgrading/future#v7_relativesplatpath.

            </system-err>
        </testcase>
        <testcase classname="src/pages/AuthLandingPage.test.tsx" name="AuthLandingPage &gt; redirects authenticated users to workouts" time="0.005578827">
        </testcase>
    </testsuite>
    <testsuite name="src/pages/LoginPage.test.tsx" timestamp="2026-06-09T18:01:47.661Z" hostname="runnervm3jyl0" tests="3" failures="0" errors="0" skipped="0" time="0.415050951">
        <testcase classname="src/pages/LoginPage.test.tsx" name="LoginPage &gt; logs in and navigates to workouts" time="0.295920743">
            <system-err>
⚠️ React Router Future Flag Warning: React Router will begin wrapping state updates in `React.startTransition` in v7. You can use the `v7_startTransition` future flag to opt-in early. For more information, see https://reactrouter.com/v6/upgrading/future#v7_starttransition.
⚠️ React Router Future Flag Warning: Relative route resolution within Splat routes is changing in v7. You can use the `v7_relativeSplatPath` future flag to opt-in early. For more information, see https://reactrouter.com/v6/upgrading/future#v7_relativesplatpath.

            </system-err>
        </testcase>
        <testcase classname="src/pages/LoginPage.test.tsx" name="LoginPage &gt; shows API error on failed login" time="0.11286373">
        </testcase>
        <testcase classname="src/pages/LoginPage.test.tsx" name="LoginPage &gt; redirects authenticated users" time="0.004793002">
        </testcase>
    </testsuite>
    <testsuite name="src/pages/NewWorkoutPage.test.tsx" timestamp="2026-06-09T18:01:47.663Z" hostname="runnervm3jyl0" tests="4" failures="0" errors="0" skipped="0" time="0.411318517">
        <testcase classname="src/pages/NewWorkoutPage.test.tsx" name="NewWorkoutPage &gt; renders workout name and date fields with a Continue to Exercises button" time="0.141241377">
            <system-err>
⚠️ React Router Future Flag Warning: React Router will begin wrapping state updates in `React.startTransition` in v7. You can use the `v7_startTransition` future flag to opt-in early. For more information, see https://reactrouter.com/v6/upgrading/future#v7_starttransition.
⚠️ React Router Future Flag Warning: Relative route resolution within Splat routes is changing in v7. You can use the `v7_relativeSplatPath` future flag to opt-in early. For more information, see https://reactrouter.com/v6/upgrading/future#v7_relativesplatpath.

            </system-err>
        </testcase>
        <testcase classname="src/pages/NewWorkoutPage.test.tsx" name="NewWorkoutPage &gt; shows a validation error when name is empty" time="0.094566506">
        </testcase>
        <testcase classname="src/pages/NewWorkoutPage.test.tsx" name="NewWorkoutPage &gt; shows a validation error when date is empty" time="0.074353378">
        </testcase>
        <testcase classname="src/pages/NewWorkoutPage.test.tsx" name="NewWorkoutPage &gt; saves to localStorage and navigates to /pending without calling the API" time="0.099504027">
        </testcase>
    </testsuite>
    <testsuite name="src/pages/SignupPage.test.tsx" timestamp="2026-06-09T18:01:47.665Z" hostname="runnervm3jyl0" tests="2" failures="0" errors="0" skipped="0" time="0.45081262">
        <testcase classname="src/pages/SignupPage.test.tsx" name="SignupPage &gt; signs up and navigates to workouts" time="0.310973629">
            <system-err>
⚠️ React Router Future Flag Warning: React Router will begin wrapping state updates in `React.startTransition` in v7. You can use the `v7_startTransition` future flag to opt-in early. For more information, see https://reactrouter.com/v6/upgrading/future#v7_starttransition.
⚠️ React Router Future Flag Warning: Relative route resolution within Splat routes is changing in v7. You can use the `v7_relativeSplatPath` future flag to opt-in early. For more information, see https://reactrouter.com/v6/upgrading/future#v7_relativesplatpath.

            </system-err>
        </testcase>
        <testcase classname="src/pages/SignupPage.test.tsx" name="SignupPage &gt; shows API error on failed signup" time="0.138654062">
        </testcase>
    </testsuite>
    <testsuite name="src/pages/WorkoutDetailPage.test.tsx" timestamp="2026-06-09T18:01:47.666Z" hostname="runnervm3jyl0" tests="14" failures="0" errors="0" skipped="0" time="1.359613175">
        <testcase classname="src/pages/WorkoutDetailPage.test.tsx" name="WorkoutDetailPage &gt; submits workout edits for the owner" time="0.417292255">
            <system-err>
⚠️ React Router Future Flag Warning: React Router will begin wrapping state updates in `React.startTransition` in v7. You can use the `v7_startTransition` future flag to opt-in early. For more information, see https://reactrouter.com/v6/upgrading/future#v7_starttransition.
⚠️ React Router Future Flag Warning: Relative route resolution within Splat routes is changing in v7. You can use the `v7_relativeSplatPath` future flag to opt-in early. For more information, see https://reactrouter.com/v6/upgrading/future#v7_relativesplatpath.

            </system-err>
        </testcase>
        <testcase classname="src/pages/WorkoutDetailPage.test.tsx" name="WorkoutDetailPage &gt; creates a new exercise for the owner" time="0.24570329">
        </testcase>
        <testcase classname="src/pages/WorkoutDetailPage.test.tsx" name="WorkoutDetailPage &gt; deletes the workout and navigates to the list" time="0.045894527">
        </testcase>
        <testcase classname="src/pages/WorkoutDetailPage.test.tsx" name="WorkoutDetailPage &gt; shows an error when workout deletion fails" time="0.044668898">
        </testcase>
        <testcase classname="src/pages/WorkoutDetailPage.test.tsx" name="WorkoutDetailPage &gt; populates the exercise form when clicking Edit on an exercise" time="0.059135943">
        </testcase>
        <testcase classname="src/pages/WorkoutDetailPage.test.tsx" name="WorkoutDetailPage &gt; resets the exercise form when Cancel Edit is clicked" time="0.07222971">
        </testcase>
        <testcase classname="src/pages/WorkoutDetailPage.test.tsx" name="WorkoutDetailPage &gt; updates an existing exercise after clicking Edit" time="0.138807306">
        </testcase>
        <testcase classname="src/pages/WorkoutDetailPage.test.tsx" name="WorkoutDetailPage &gt; deletes an exercise from the workout" time="0.033453453">
        </testcase>
        <testcase classname="src/pages/WorkoutDetailPage.test.tsx" name="WorkoutDetailPage &gt; shows an error when exercise deletion fails" time="0.036267505">
        </testcase>
        <testcase classname="src/pages/WorkoutDetailPage.test.tsx" name="WorkoutDetailPage &gt; resets the form when deleting the exercise currently being edited" time="0.063726355">
        </testcase>
        <testcase classname="src/pages/WorkoutDetailPage.test.tsx" name="WorkoutDetailPage &gt; submits a cardio exercise with duration and speed" time="0.119512179">
        </testcase>
        <testcase classname="src/pages/WorkoutDetailPage.test.tsx" name="WorkoutDetailPage — pending mode &gt; redirects to /new when no pending workout is in localStorage" time="0.004253028">
        </testcase>
        <testcase classname="src/pages/WorkoutDetailPage.test.tsx" name="WorkoutDetailPage — pending mode &gt; shows workout name and exercise form when localStorage has pending data" time="0.020149839">
        </testcase>
        <testcase classname="src/pages/WorkoutDetailPage.test.tsx" name="WorkoutDetailPage — pending mode &gt; calls createWorkoutWithExercise and navigates to the saved workout on first exercise submit" time="0.056011325">
        </testcase>
    </testsuite>
    <testsuite name="src/pages/WorkoutsPage.test.tsx" timestamp="2026-06-09T18:01:47.672Z" hostname="runnervm3jyl0" tests="3" failures="0" errors="0" skipped="0" time="0.153295668">
        <testcase classname="src/pages/WorkoutsPage.test.tsx" name="WorkoutsPage &gt; renders workout list from API" time="0.135156275">
            <system-err>
⚠️ React Router Future Flag Warning: React Router will begin wrapping state updates in `React.startTransition` in v7. You can use the `v7_startTransition` future flag to opt-in early. For more information, see https://reactrouter.com/v6/upgrading/future#v7_starttransition.
⚠️ React Router Future Flag Warning: Relative route resolution within Splat routes is changing in v7. You can use the `v7_relativeSplatPath` future flag to opt-in early. For more information, see https://reactrouter.com/v6/upgrading/future#v7_relativesplatpath.

            </system-err>
        </testcase>
        <testcase classname="src/pages/WorkoutsPage.test.tsx" name="WorkoutsPage &gt; renders empty state when there are no workouts" time="0.01197243">
        </testcase>
        <testcase classname="src/pages/WorkoutsPage.test.tsx" name="WorkoutsPage &gt; redirects invalid page param to page 1" time="0.005070408">
        </testcase>
    </testsuite>
    <testsuite name="src/services/api.test.ts" timestamp="2026-06-09T18:01:47.673Z" hostname="runnervm3jyl0" tests="10" failures="0" errors="0" skipped="0" time="0.032661206">
        <testcase classname="src/services/api.test.ts" name="api service &gt; validates login payload before calling API" time="0.006594018">
        </testcase>
        <testcase classname="src/services/api.test.ts" name="api service &gt; calls login endpoint for valid payload" time="0.012049957">
        </testcase>
        <testcase classname="src/services/api.test.ts" name="api service &gt; returns null for 401 current user lookup" time="0.001379581">
        </testcase>
        <testcase classname="src/services/api.test.ts" name="api service &gt; throws non-401 errors for current user lookup" time="0.000963446">
        </testcase>
        <testcase classname="src/services/api.test.ts" name="api service &gt; maps workout list response" time="0.001544118">
        </testcase>
        <testcase classname="src/services/api.test.ts" name="api service &gt; creates workout then fetches details" time="0.001535762">
        </testcase>
        <testcase classname="src/services/api.test.ts" name="api service &gt; updates workout then fetches details" time="0.001308449">
        </testcase>
        <testcase classname="src/services/api.test.ts" name="api service &gt; creates exercise then fetches workout details" time="0.002132244">
        </testcase>
        <testcase classname="src/services/api.test.ts" name="api service &gt; updates exercise then fetches workout details" time="0.00175982">
        </testcase>
        <testcase classname="src/services/api.test.ts" name="api service &gt; deletes exercise then fetches workout details" time="0.001498172">
        </testcase>
    </testsuite>
</testsuites>
